#
# A fatal error has been detected by the Java Runtime Environment:
#
#  EXCEPTION_ACCESS_VIOLATION (0xc0000005) at pc=0x00007ffaa1746ae0, pid=2868, tid=0x0000000000005ac4
#
# JRE version: OpenJDK Runtime Environment (8.0_432-b06) (build 1.8.0_432-b06)
# Java VM: OpenJDK 64-Bit Server VM (25.432-b06 mixed mode windows-amd64 compressed oops)
# Problematic frame:
# C  [glass.dll+0x26ae0]
#
# Failed to write core dump. Minidumps are not enabled by default on client versions of Windows
#
# If you would like to submit a bug report, please visit:
#   https://github.com/corretto/corretto-8/issues/
#

---------------  T H R E A D  ---------------

Current thread (0x000001d0b512f000):  VMThread [stack: 0x0000006c77f00000,0x0000006c78000000] [id=23236]

siginfo: ExceptionCode=0xc0000005, reading address 0x0000000000000000

Registers:
RAX=0x0000000000000000, RBX=0x000001d09aa8fcd0, RCX=0x000001d0b512f000, RDX=0x0000000061789228
RSP=0x0000006c77ffefa0, RBP=0x000001d0b84ee6d8, RSI=0x0000006c77fff0b8, RDI=0x000001d0b84ee6b0
R8 =0x0000000000010002, R9 =0x000001d0b84ee6b0, R10=0x85f13e9656da4870, R11=0x0000006c77ffef40
R12=0x00007ffaa1743f34, R13=0x000001d09ab54de0, R14=0x0000ee5f73c4ea12, R15=0x000001d0b84ee6b0
RIP=0x00007ffaa1746ae0, EFLAGS=0x0000000000010202

Top of Stack: (sp=0x0000006c77ffefa0)
0x0000006c77ffefa0:   0000000000000000 00007ffac919364b
0x0000006c77ffefb0:   000001d0b84ee6c0 0000006c77fff0b8
0x0000006c77ffefc0:   fffffffffffffffe 00007ffaa1743f34
0x0000006c77ffefd0:   000001d0b84ee6b8 00007ffac91d3a93
0x0000006c77ffefe0:   000001d0b84ee6c0 0000006c00000000
0x0000006c77ffeff0:   000001d0b84ee6d8 0000006c77fff0b8
0x0000006c77fff000:   fffffffffffffffe 0000000000000000
0x0000006c77fff010:   0000000000000001 00007ffaa1720000
0x0000006c77fff020:   0000006c77fff0a8 00007ffac91a042e
0x0000006c77fff030:   0000000000000000 0000006c77fff0b8
0x0000006c77fff040:   0000006c77fff390 0000000000000001
0x0000006c77fff050:   0000000000000000 00007ffac919dddd
0x0000006c77fff060:   0000000000000000 00007ffaa1743609
0x0000006c77fff070:   0000000000000000 0000006c77fff0a8
0x0000006c77fff080:   fffffffffffffffe 00007ffacbd16b27
0x0000006c77fff090:   0000000000000000 00007ffaa1743dc2 

Instructions: (pc=0x00007ffaa1746ae0)
0x00007ffaa1746ac0:   40 53 48 83 ec 30 48 c7 44 24 20 fe ff ff ff 48
0x00007ffaa1746ad0:   8b 1d 4a 60 01 00 48 85 db 74 16 e8 e0 85 ff ff
0x00007ffaa1746ae0:   4c 8b 00 48 8b d3 48 8b c8 41 ff 90 b0 00 00 00
0x00007ffaa1746af0:   90 48 83 c4 30 5b c3 cc cc cc cc cc cc cc cc cc 


Register to memory mapping:

RAX=0x0000000000000000 is an unknown value
RBX=0x000001d09aa8fcd0 is a global jni handle
RCX=0x000001d0b512f000 is an unknown value
RDX=0x0000000061789228 is an unknown value
RSP=0x0000006c77ffefa0 is an unknown value
RBP=0x000001d0b84ee6d8 is an unknown value
RSI=0x0000006c77fff0b8 is an unknown value
RDI=0x000001d0b84ee6b0 is an unknown value
R8 =0x0000000000010002 is an unknown value
R9 =0x000001d0b84ee6b0 is an unknown value
R10=0x85f13e9656da4870 is an unknown value
R11=0x0000006c77ffef40 is an unknown value
R12=0x00007ffaa1743f34 is an unknown value
R13=0x000001d09ab54de0 is an unknown value
R14=0x0000ee5f73c4ea12 is an unknown value
R15=0x000001d0b84ee6b0 is an unknown value


Stack: [0x0000006c77f00000,0x0000006c78000000],  sp=0x0000006c77ffefa0,  free space=1019k
Native frames: (J=compiled Java code, j=interpreted, Vv=VM code, C=native code)
C  [glass.dll+0x26ae0]
C  [ucrtbase.dll+0x53a93]
C  [ucrtbase.dll+0x2042e]
C  [ucrtbase.dll+0x1dddd]
C  [glass.dll+0x23dc2]
C  [glass.dll+0x23ee8]
C  [ntdll.dll+0x28b8f]
C  [ntdll.dll+0x51596]
C  [ntdll.dll+0x5118d]
C  [KERNEL32.DLL+0x17fcb]
C  [ucrtbase.dll+0x1bed8]
C  [ucrtbase.dll+0x1c099]
V  [jvm.dll+0x1e9795]
V  [jvm.dll+0x225026]
V  [jvm.dll+0x2255c4]
V  [jvm.dll+0x223b84]
V  [jvm.dll+0x22435f]
V  [jvm.dll+0x224664]
V  [jvm.dll+0x26e586]
C  [ucrtbase.dll+0x29333]
C  [KERNEL32.DLL+0x1259d]
C  [ntdll.dll+0x5af38]

VM_Operation (0x0000006c796fb2b0): Exit, mode: safepoint, requested by thread 0x000001d0b853a800


---------------  P R O C E S S  ---------------

Java Threads: ( => current thread )
  0x000001d0b822f800 JavaThread "Thread-4" [_thread_in_native, id=9128, stack(0x0000006c79f70000,0x0000006c7a070000)]
  0x000001d0c008f000 JavaThread "Prism Font Disposer" daemon [_thread_blocked, id=18236, stack(0x0000006c79d60000,0x0000006c79e60000)]
  0x000001d0b8a66800 JavaThread "Thread-3" daemon [_thread_in_native, id=21072, stack(0x0000006c79860000,0x0000006c79960000)]
  0x000001d0b8a5e000 JavaThread "JavaFX-Launcher" [_thread_blocked, id=2664, stack(0x0000006c79960000,0x0000006c79a60000)]
  0x000001d0b853a800 JavaThread "JavaFX Application Thread" [_thread_blocked, id=22520, stack(0x0000006c79600000,0x0000006c79700000)]
  0x000001d0b85fd000 JavaThread "Thread-1" daemon [_thread_blocked, id=18704, stack(0x0000006c79500000,0x0000006c79600000)]
  0x000001d0b84f7800 JavaThread "QuantumRenderer-0" daemon [_thread_blocked, id=13032, stack(0x0000006c79300000,0x0000006c79400000)]
  0x000001d0b8033800 JavaThread "Service Thread" daemon [_thread_blocked, id=21164, stack(0x0000006c79100000,0x0000006c79200000)]
  0x000001d0b7fff800 JavaThread "C1 CompilerThread11" daemon [_thread_blocked, id=22524, stack(0x0000006c79000000,0x0000006c79100000)]
  0x000001d0b7fdc800 JavaThread "C1 CompilerThread10" daemon [_thread_blocked, id=21696, stack(0x0000006c78f00000,0x0000006c79000000)]
  0x000001d0b7fca800 JavaThread "C1 CompilerThread9" daemon [_thread_blocked, id=19136, stack(0x0000006c78e00000,0x0000006c78f00000)]
  0x000001d0b7fbd800 JavaThread "C1 CompilerThread8" daemon [_thread_blocked, id=22780, stack(0x0000006c78d00000,0x0000006c78e00000)]
  0x000001d0b7f66800 JavaThread "C2 CompilerThread7" daemon [_thread_blocked, id=7064, stack(0x0000006c78c00000,0x0000006c78d00000)]
  0x000001d0b7f5d000 JavaThread "C2 CompilerThread6" daemon [_thread_blocked, id=2688, stack(0x0000006c78b00000,0x0000006c78c00000)]
  0x000001d0b7f54000 JavaThread "C2 CompilerThread5" daemon [_thread_blocked, id=13336, stack(0x0000006c78a00000,0x0000006c78b00000)]
  0x000001d0b7f51800 JavaThread "C2 CompilerThread4" daemon [_thread_blocked, id=10572, stack(0x0000006c78900000,0x0000006c78a00000)]
  0x000001d0b7f44800 JavaThread "C2 CompilerThread3" daemon [_thread_blocked, id=17644, stack(0x0000006c78800000,0x0000006c78900000)]
  0x000001d0b7f3c800 JavaThread "C2 CompilerThread2" daemon [_thread_blocked, id=5888, stack(0x0000006c78700000,0x0000006c78800000)]
  0x000001d0b7f3b000 JavaThread "C2 CompilerThread1" daemon [_thread_blocked, id=18840, stack(0x0000006c78600000,0x0000006c78700000)]
  0x000001d0b7f38000 JavaThread "C2 CompilerThread0" daemon [_thread_blocked, id=3336, stack(0x0000006c78500000,0x0000006c78600000)]
  0x000001d0b7f32800 JavaThread "Monitor Ctrl-Break" daemon [_thread_in_native, id=8608, stack(0x0000006c78400000,0x0000006c78500000)]
  0x000001d0b7e6d000 JavaThread "Attach Listener" daemon [_thread_blocked, id=7948, stack(0x0000006c78300000,0x0000006c78400000)]
  0x000001d0b7e6a000 JavaThread "Signal Dispatcher" daemon [_thread_blocked, id=19504, stack(0x0000006c78200000,0x0000006c78300000)]
  0x000001d0b515e000 JavaThread "Finalizer" daemon [_thread_blocked, id=4524, stack(0x0000006c78100000,0x0000006c78200000)]
  0x000001d0b515c000 JavaThread "Reference Handler" daemon [_thread_blocked, id=4600, stack(0x0000006c78000000,0x0000006c78100000)]
  0x000001d09aa9d000 JavaThread "main" [_thread_blocked, id=7024, stack(0x0000006c77100000,0x0000006c77200000)]

Other Threads:
=>0x000001d0b512f000 VMThread [stack: 0x0000006c77f00000,0x0000006c78000000] [id=23236]

VM state:at safepoint (shutting down)

VM Mutex/Monitor currently owned by a thread:  ([mutex/lock_event])
[0x000001d09aa9a510] Threads_lock - owner thread: 0x000001d0b512f000

heap address: 0x00000006cce00000, size: 3890 MB, Compressed Oops mode: Zero based, Oop shift amount: 3
Narrow klass base: 0x0000000000000000, Narrow klass shift: 3
Compressed class space size: 1073741824 Address: 0x00000007c0000000

Heap:
 PSYoungGen      total 72704K, used 27946K [0x000000076ef80000, 0x0000000774080000, 0x00000007c0000000)
  eden space 62464K, 28% used [0x000000076ef80000,0x00000007700ccba0,0x0000000772c80000)
  from space 10240K, 99% used [0x0000000772c80000,0x000000077367e020,0x0000000773680000)
  to   space 10240K, 0% used [0x0000000773680000,0x0000000773680000,0x0000000774080000)
 ParOldGen       total 166912K, used 6663K [0x00000006cce00000, 0x00000006d7100000, 0x000000076ef80000)
  object space 166912K, 3% used [0x00000006cce00000,0x00000006cd481dc8,0x00000006d7100000)
 Metaspace       used 19053K, capacity 20158K, committed 20480K, reserved 1067008K
  class space    used 2737K, capacity 2988K, committed 3072K, reserved 1048576K

Card table byte_map: [0x000001d0ab870000,0x000001d0ac010000] byte_map_base: 0x000001d0a8209000

Marking Bits: (ParMarkBitMap*) 0x00000000619748d0
 Begin Bits: [0x000001d0ac530000, 0x000001d0b01f8000)
 End Bits:   [0x000001d0b01f8000, 0x000001d0b3ec0000)

Polling page: 0x000001d09abe0000

CodeCache: size=245760Kb used=9497Kb max_used=9497Kb free=236262Kb
 bounds [0x000001d09c4b0000, 0x000001d09ce00000, 0x000001d0ab4b0000]
 total_blobs=3210 nmethods=2521 adapters=599
 compilation: enabled

Compilation events (10 events):
Event: 14.053 Thread 0x000001d0b7fca800 2518       1       com.sun.javafx.font.PrismFontStrike::drawAsShapes (5 bytes)
Event: 14.053 Thread 0x000001d0b7fca800 nmethod 2518 0x000001d09cdef990 code [0x000001d09cdefae0, 0x000001d09cdefbf8]
Event: 14.054 Thread 0x000001d0b7fff800 nmethod 2516 0x000001d09cdf1110 code [0x000001d09cdf1500, 0x000001d09cdf3d10]
Event: 14.054 Thread 0x000001d0b7fff800 2519       1       com.sun.prism.impl.BaseGraphics::getFinalClipNoClone (5 bytes)
Event: 14.054 Thread 0x000001d0b7fff800 nmethod 2519 0x000001d09cdeb1d0 code [0x000001d09cdeb320, 0x000001d09cdeb438]
Event: 14.055 Thread 0x000001d0b7fbd800 nmethod 2511 0x000001d09cdf5410 code [0x000001d09cdf5960, 0x000001d09cdf96c0]
Event: 14.265 Thread 0x000001d0b7fca800 2520       3       com.sun.javafx.tk.quantum.GlassScene::getAccessControlContext (22 bytes)
Event: 14.266 Thread 0x000001d0b7fca800 nmethod 2520 0x000001d09cdead50 code [0x000001d09cdeaec0, 0x000001d09cdeb110]
Event: 14.270 Thread 0x000001d0b7fdc800 2521       3       com.sun.glass.ui.Window::getScreen (8 bytes)
Event: 14.270 Thread 0x000001d0b7fdc800 nmethod 2521 0x000001d09cdea9d0 code [0x000001d09cdeab40, 0x000001d09cdeacd0]

GC Heap History (2 events):
Event: 8.361 GC heap before
{Heap before GC invocations=1 (full 0):
 PSYoungGen      total 72704K, used 62464K [0x000000076ef80000, 0x0000000774080000, 0x00000007c0000000)
  eden space 62464K, 100% used [0x000000076ef80000,0x0000000772c80000,0x0000000772c80000)
  from space 10240K, 0% used [0x0000000773680000,0x0000000773680000,0x0000000774080000)
  to   space 10240K, 0% used [0x0000000772c80000,0x0000000772c80000,0x0000000773680000)
 ParOldGen       total 166912K, used 0K [0x00000006cce00000, 0x00000006d7100000, 0x000000076ef80000)
  object space 166912K, 0% used [0x00000006cce00000,0x00000006cce00000,0x00000006d7100000)
 Metaspace       used 17842K, capacity 18720K, committed 18944K, reserved 1064960K
  class space    used 2573K, capacity 2730K, committed 2816K, reserved 1048576K
Event: 8.378 GC heap after
Heap after GC invocations=1 (full 0):
 PSYoungGen      total 72704K, used 10232K [0x000000076ef80000, 0x0000000774080000, 0x00000007c0000000)
  eden space 62464K, 0% used [0x000000076ef80000,0x000000076ef80000,0x0000000772c80000)
  from space 10240K, 99% used [0x0000000772c80000,0x000000077367e020,0x0000000773680000)
  to   space 10240K, 0% used [0x0000000773680000,0x0000000773680000,0x0000000774080000)
 ParOldGen       total 166912K, used 6663K [0x00000006cce00000, 0x00000006d7100000, 0x000000076ef80000)
  object space 166912K, 3% used [0x00000006cce00000,0x00000006cd481dc8,0x00000006d7100000)
 Metaspace       used 17842K, capacity 18720K, committed 18944K, reserved 1064960K
  class space    used 2573K, capacity 2730K, committed 2816K, reserved 1048576K
}

Deoptimization events (10 events):
Event: 8.471 Thread 0x000001d0b822f800 Uncommon trap: reason=unstable_if action=reinterpret pc=0x000001d09cc441fc method=java.lang.ThreadLocal.get()Ljava/lang/Object; @ 11
Event: 8.540 Thread 0x000001d0b853a800 Uncommon trap: reason=unstable_if action=reinterpret pc=0x000001d09cc8da04 method=com.sun.javafx.css.ParsedValueImpl.containsFontRelativeSize(Ljavafx/css/ParsedValue;Z)Z @ 56
Event: 8.588 Thread 0x000001d0b853a800 Uncommon trap: reason=class_check action=maybe_recompile pc=0x000001d09caab8e4 method=java.util.HashMap.putVal(ILjava/lang/Object;Ljava/lang/Object;ZZ)Ljava/lang/Object; @ 203
Event: 8.588 Thread 0x000001d0b853a800 Uncommon trap: reason=class_check action=maybe_recompile pc=0x000001d09caab8e4 method=java.util.HashMap.putVal(ILjava/lang/Object;Ljava/lang/Object;ZZ)Ljava/lang/Object; @ 203
Event: 8.588 Thread 0x000001d0b853a800 Uncommon trap: reason=class_check action=maybe_recompile pc=0x000001d09caab8e4 method=java.util.HashMap.putVal(ILjava/lang/Object;Ljava/lang/Object;ZZ)Ljava/lang/Object; @ 203
Event: 8.591 Thread 0x000001d0b853a800 Uncommon trap: reason=array_check action=maybe_recompile pc=0x000001d09cd04f30 method=com.sun.javafx.css.SimpleSelector.applies(Ljavafx/css/Styleable;[Ljava/util/Set;I)Z @ 37
Event: 8.591 Thread 0x000001d0b853a800 Uncommon trap: reason=array_check action=maybe_recompile pc=0x000001d09cd04f30 method=com.sun.javafx.css.SimpleSelector.applies(Ljavafx/css/Styleable;[Ljava/util/Set;I)Z @ 37
Event: 8.591 Thread 0x000001d0b853a800 Uncommon trap: reason=array_check action=maybe_recompile pc=0x000001d09cd04f30 method=com.sun.javafx.css.SimpleSelector.applies(Ljavafx/css/Styleable;[Ljava/util/Set;I)Z @ 37
Event: 8.591 Thread 0x000001d0b853a800 Uncommon trap: reason=array_check action=maybe_recompile pc=0x000001d09cd04f30 method=com.sun.javafx.css.SimpleSelector.applies(Ljavafx/css/Styleable;[Ljava/util/Set;I)Z @ 37
Event: 13.667 Thread 0x000001d0b853a800 Uncommon trap: reason=unstable_if action=reinterpret pc=0x000001d09cd8c660 method=javafx.scene.CssStyleHelper.lookup(Ljavafx/css/Styleable;Ljavafx/css/CssMetaData;Lcom/sun/javafx/css/StyleMap;Ljava/util/Set;Ljavafx/css/Styleable;Lcom/sun/javafx/css/Calcul

Classes redefined (0 events):
No events

Internal exceptions (10 events):
Event: 0.184 Thread 0x000001d09aa9d000 Exception <a 'java/security/PrivilegedActionException'> (0x000000076f7e2fd0) thrown at [C:\wsjdk\Corretto8Src\installers\windows\zip\corretto-build\buildRoot\hotspot\src\share\vm\prims\jvm.cpp, line 1514]
Event: 0.184 Thread 0x000001d09aa9d000 Exception <a 'java/security/PrivilegedActionException'> (0x000000076f7e31e0) thrown at [C:\wsjdk\Corretto8Src\installers\windows\zip\corretto-build\buildRoot\hotspot\src\share\vm\prims\jvm.cpp, line 1514]
Event: 0.185 Thread 0x000001d09aa9d000 Exception <a 'java/lang/NullPointerException'> (0x000000076f7e3bf0) thrown at [C:\wsjdk\Corretto8Src\installers\windows\zip\corretto-build\buildRoot\hotspot\src\share\vm\interpreter\linkResolver.cpp, line 1185]
Event: 0.203 Thread 0x000001d09aa9d000 Implicit null exception at 0x000001d09c7e7e55 to 0x000001d09c7e7f35
Event: 0.619 Thread 0x000001d0b853a800 Exception <a 'java/lang/NullPointerException'> (0x0000000770acda60) thrown at [C:\wsjdk\Corretto8Src\installers\windows\zip\corretto-build\buildRoot\hotspot\src\share\vm\interpreter\linkResolver.cpp, line 1185]
Event: 0.619 Thread 0x000001d0b853a800 Exception <a 'java/lang/NullPointerException'> (0x0000000770acda60) thrown at [C:\wsjdk\Corretto8Src\installers\windows\zip\corretto-build\buildRoot\hotspot\src\share\vm\prims\jvm.cpp, line 1518]
Event: 0.807 Thread 0x000001d0b853a800 Implicit null exception at 0x000001d09c93d975 to 0x000001d09c93db6d
Event: 7.378 Thread 0x000001d0b853a800 Implicit null exception at 0x000001d09cbc62fb to 0x000001d09cbc6909
Event: 8.471 Thread 0x000001d0b822f800 Implicit null exception at 0x000001d09cc4411c to 0x000001d09cc441e9
Event: 14.292 Thread 0x000001d0c3db2800 Exception <a 'java/lang/IllegalStateException'> (0x000000077009f468) thrown at [C:\wsjdk\Corretto8Src\installers\windows\zip\corretto-build\buildRoot\hotspot\src\share\vm\prims\jvm.cpp, line 1518]

Events (10 events):
Event: 14.289 loading class java/util/IdentityHashMap$IdentityHashMapIterator
Event: 14.289 loading class java/util/IdentityHashMap$IdentityHashMapIterator done
Event: 14.289 loading class java/util/IdentityHashMap$KeyIterator done
Event: 14.289 Thread 0x000001d0c3db2800 Thread added: 0x000001d0c3db2800
Event: 14.291 loading class com/sun/javafx/tk/quantum/QuantumRenderer
Event: 14.291 loading class com/sun/javafx/tk/quantum/QuantumRenderer done
Event: 14.292 loading class com/sun/javafx/tk/quantum/QuantumToolkit
Event: 14.292 loading class com/sun/javafx/tk/quantum/QuantumToolkit done
Event: 14.293 Thread 0x000001d0c3db2800 Thread exited: 0x000001d0c3db2800
Event: 14.293 Executing VM operation: Exit


Dynamic libraries:
0x00007ff66fea0000 - 0x00007ff66fee6000 	C:\Users\Arsen Avkhadiev\.jdks\corretto-1.8.0_432\bin\java.exe
0x00007ffacbcf0000 - 0x00007ffacbf07000 	C:\Windows\SYSTEM32\ntdll.dll
0x00007ffacac60000 - 0x00007ffacad24000 	C:\Windows\System32\KERNEL32.DLL
0x00007ffac94d0000 - 0x00007ffac9889000 	C:\Windows\System32\KERNELBASE.dll
0x00007ffac9ff0000 - 0x00007ffaca0a2000 	C:\Windows\System32\ADVAPI32.dll
0x00007ffaca670000 - 0x00007ffaca717000 	C:\Windows\System32\msvcrt.dll
0x00007ffacaaa0000 - 0x00007ffacab47000 	C:\Windows\System32\sechost.dll
0x00007ffac9930000 - 0x00007ffac9958000 	C:\Windows\System32\bcrypt.dll
0x00007ffaca0d0000 - 0x00007ffaca1e4000 	C:\Windows\System32\RPCRT4.dll
0x00007ffaca720000 - 0x00007ffaca8ce000 	C:\Windows\System32\USER32.dll
0x00007ffac9960000 - 0x00007ffac9986000 	C:\Windows\System32\win32u.dll
0x00007ffac9e10000 - 0x00007ffac9e39000 	C:\Windows\System32\GDI32.dll
0x00007ffac8ff0000 - 0x00007ffac910b000 	C:\Windows\System32\gdi32full.dll
0x00007ffac9890000 - 0x00007ffac992a000 	C:\Windows\System32\msvcp_win.dll
0x00007ffac9180000 - 0x00007ffac9291000 	C:\Windows\System32\ucrtbase.dll
0x00007ffab6fc0000 - 0x00007ffab7252000 	C:\Windows\WinSxS\amd64_microsoft.windows.common-controls_6595b64144ccf1df_6.0.22621.4391_none_2715d37f73803e96\COMCTL32.dll
0x00007ffacad30000 - 0x00007ffacad61000 	C:\Windows\System32\IMM32.DLL
0x00007ffabaef0000 - 0x00007ffabaf05000 	C:\Users\Arsen Avkhadiev\.jdks\corretto-1.8.0_432\jre\bin\vcruntime140.dll
0x00007ffa93070000 - 0x00007ffa9310b000 	C:\Users\Arsen Avkhadiev\.jdks\corretto-1.8.0_432\jre\bin\msvcp140.dll
0x0000000061190000 - 0x00000000619ed000 	C:\Users\Arsen Avkhadiev\.jdks\corretto-1.8.0_432\jre\bin\server\jvm.dll
0x00007ffacaa30000 - 0x00007ffacaa38000 	C:\Windows\System32\PSAPI.DLL
0x00007ffac4a40000 - 0x00007ffac4a49000 	C:\Windows\SYSTEM32\WSOCK32.dll
0x00007ffac4820000 - 0x00007ffac4854000 	C:\Windows\SYSTEM32\WINMM.dll
0x00007ffac9d40000 - 0x00007ffac9db1000 	C:\Windows\System32\WS2_32.dll
0x00007ffac1a90000 - 0x00007ffac1a9a000 	C:\Windows\SYSTEM32\VERSION.dll
0x00007ffac80f0000 - 0x00007ffac8108000 	C:\Windows\SYSTEM32\kernel.appcore.dll
0x00007ffac48e0000 - 0x00007ffac48f0000 	C:\Users\Arsen Avkhadiev\.jdks\corretto-1.8.0_432\jre\bin\verify.dll
0x00007ffab7ab0000 - 0x00007ffab7adb000 	C:\Users\Arsen Avkhadiev\.jdks\corretto-1.8.0_432\jre\bin\java.dll
0x00007ffaab040000 - 0x00007ffaab072000 	C:\Users\Arsen Avkhadiev\.jdks\corretto-1.8.0_432\jre\bin\instrument.dll
0x00007ffab7a80000 - 0x00007ffab7a98000 	C:\Users\Arsen Avkhadiev\.jdks\corretto-1.8.0_432\jre\bin\zip.dll
0x00007ffacae70000 - 0x00007ffacb6e6000 	C:\Windows\System32\SHELL32.dll
0x00007ffac6ef0000 - 0x00007ffac77f3000 	C:\Windows\SYSTEM32\windows.storage.dll
0x00007ffacb750000 - 0x00007ffacbadf000 	C:\Windows\System32\combase.dll
0x00007ffac6db0000 - 0x00007ffac6eef000 	C:\Windows\SYSTEM32\wintypes.dll
0x00007ffac9ac0000 - 0x00007ffac9bb9000 	C:\Windows\System32\SHCORE.dll
0x00007ffacaa40000 - 0x00007ffacaa9e000 	C:\Windows\System32\shlwapi.dll
0x00007ffac8f20000 - 0x00007ffac8f4b000 	C:\Windows\SYSTEM32\profapi.dll
0x00007ffab69d0000 - 0x00007ffab69ea000 	C:\Program Files\JetBrains\IntelliJ IDEA 2024.3\bin\breakgen64.dll
0x00007ffab4fe0000 - 0x00007ffab4ffc000 	C:\Users\Arsen Avkhadiev\.jdks\corretto-1.8.0_432\jre\bin\net.dll
0x00007ffac8580000 - 0x00007ffac85e9000 	C:\Windows\system32\mswsock.dll
0x000001d09ac80000 - 0x000001d09ac83000 	C:\Users\Arsen Avkhadiev\.jdks\corretto-1.8.0_432\jre\bin\api-ms-win-core-console-l1-1-0.dll
0x000001d09ac90000 - 0x000001d09ac93000 	C:\Users\Arsen Avkhadiev\.jdks\corretto-1.8.0_432\jre\bin\api-ms-win-core-datetime-l1-1-0.dll
0x000001d09aca0000 - 0x000001d09aca3000 	C:\Users\Arsen Avkhadiev\.jdks\corretto-1.8.0_432\jre\bin\api-ms-win-core-debug-l1-1-0.dll
0x000001d09acb0000 - 0x000001d09acb3000 	C:\Users\Arsen Avkhadiev\.jdks\corretto-1.8.0_432\jre\bin\api-ms-win-core-errorhandling-l1-1-0.dll
0x000001d09acc0000 - 0x000001d09acc4000 	C:\Users\Arsen Avkhadiev\.jdks\corretto-1.8.0_432\jre\bin\api-ms-win-core-file-l1-1-0.dll
0x000001d09acd0000 - 0x000001d09acd3000 	C:\Users\Arsen Avkhadiev\.jdks\corretto-1.8.0_432\jre\bin\api-ms-win-core-file-l1-2-0.dll
0x000001d09ace0000 - 0x000001d09ace3000 	C:\Users\Arsen Avkhadiev\.jdks\corretto-1.8.0_432\jre\bin\api-ms-win-core-file-l2-1-0.dll
0x000001d09acf0000 - 0x000001d09acf3000 	C:\Users\Arsen Avkhadiev\.jdks\corretto-1.8.0_432\jre\bin\api-ms-win-core-handle-l1-1-0.dll
0x000001d0b8b50000 - 0x000001d0b8b53000 	C:\Users\Arsen Avkhadiev\.jdks\corretto-1.8.0_432\jre\bin\api-ms-win-core-heap-l1-1-0.dll
0x000001d0b8b60000 - 0x000001d0b8b63000 	C:\Users\Arsen Avkhadiev\.jdks\corretto-1.8.0_432\jre\bin\api-ms-win-core-interlocked-l1-1-0.dll
0x000001d0b8b70000 - 0x000001d0b8b73000 	C:\Users\Arsen Avkhadiev\.jdks\corretto-1.8.0_432\jre\bin\api-ms-win-core-libraryloader-l1-1-0.dll
0x000001d0b8b80000 - 0x000001d0b8b83000 	C:\Users\Arsen Avkhadiev\.jdks\corretto-1.8.0_432\jre\bin\api-ms-win-core-localization-l1-2-0.dll
0x000001d0b8b90000 - 0x000001d0b8b93000 	C:\Users\Arsen Avkhadiev\.jdks\corretto-1.8.0_432\jre\bin\api-ms-win-core-memory-l1-1-0.dll
0x000001d0b8ba0000 - 0x000001d0b8ba3000 	C:\Users\Arsen Avkhadiev\.jdks\corretto-1.8.0_432\jre\bin\api-ms-win-core-namedpipe-l1-1-0.dll
0x000001d0b8bb0000 - 0x000001d0b8bb3000 	C:\Users\Arsen Avkhadiev\.jdks\corretto-1.8.0_432\jre\bin\api-ms-win-core-processenvironment-l1-1-0.dll
0x000001d0b8bc0000 - 0x000001d0b8bc3000 	C:\Users\Arsen Avkhadiev\.jdks\corretto-1.8.0_432\jre\bin\api-ms-win-core-processthreads-l1-1-0.dll
0x000001d0b8bd0000 - 0x000001d0b8bd3000 	C:\Users\Arsen Avkhadiev\.jdks\corretto-1.8.0_432\jre\bin\api-ms-win-core-processthreads-l1-1-1.dll
0x000001d0b8be0000 - 0x000001d0b8be3000 	C:\Users\Arsen Avkhadiev\.jdks\corretto-1.8.0_432\jre\bin\api-ms-win-core-profile-l1-1-0.dll
0x000001d0b8bf0000 - 0x000001d0b8bf3000 	C:\Users\Arsen Avkhadiev\.jdks\corretto-1.8.0_432\jre\bin\api-ms-win-core-rtlsupport-l1-1-0.dll
0x000001d0b8c00000 - 0x000001d0b8c03000 	C:\Users\Arsen Avkhadiev\.jdks\corretto-1.8.0_432\jre\bin\api-ms-win-core-string-l1-1-0.dll
0x000001d0b8c10000 - 0x000001d0b8c13000 	C:\Users\Arsen Avkhadiev\.jdks\corretto-1.8.0_432\jre\bin\api-ms-win-core-synch-l1-1-0.dll
0x000001d0b8c20000 - 0x000001d0b8c23000 	C:\Users\Arsen Avkhadiev\.jdks\corretto-1.8.0_432\jre\bin\api-ms-win-core-synch-l1-2-0.dll
0x000001d0b8c30000 - 0x000001d0b8c33000 	C:\Users\Arsen Avkhadiev\.jdks\corretto-1.8.0_432\jre\bin\api-ms-win-core-sysinfo-l1-1-0.dll
0x000001d0b8c40000 - 0x000001d0b8c43000 	C:\Users\Arsen Avkhadiev\.jdks\corretto-1.8.0_432\jre\bin\api-ms-win-core-timezone-l1-1-0.dll
0x000001d0b8c50000 - 0x000001d0b8c53000 	C:\Users\Arsen Avkhadiev\.jdks\corretto-1.8.0_432\jre\bin\api-ms-win-core-util-l1-1-0.dll
0x000001d0b8c60000 - 0x000001d0b8c63000 	C:\Users\Arsen Avkhadiev\.jdks\corretto-1.8.0_432\jre\bin\api-ms-win-crt-conio-l1-1-0.dll
0x000001d0b8c70000 - 0x000001d0b8c74000 	C:\Users\Arsen Avkhadiev\.jdks\corretto-1.8.0_432\jre\bin\api-ms-win-crt-convert-l1-1-0.dll
0x000001d0b8c80000 - 0x000001d0b8c83000 	C:\Users\Arsen Avkhadiev\.jdks\corretto-1.8.0_432\jre\bin\api-ms-win-crt-environment-l1-1-0.dll
0x000001d0b8c90000 - 0x000001d0b8c93000 	C:\Users\Arsen Avkhadiev\.jdks\corretto-1.8.0_432\jre\bin\api-ms-win-crt-filesystem-l1-1-0.dll
0x000001d0b8ca0000 - 0x000001d0b8ca3000 	C:\Users\Arsen Avkhadiev\.jdks\corretto-1.8.0_432\jre\bin\api-ms-win-crt-heap-l1-1-0.dll
0x000001d0b8cb0000 - 0x000001d0b8cb3000 	C:\Users\Arsen Avkhadiev\.jdks\corretto-1.8.0_432\jre\bin\api-ms-win-crt-locale-l1-1-0.dll
0x000001d0b8cc0000 - 0x000001d0b8cc5000 	C:\Users\Arsen Avkhadiev\.jdks\corretto-1.8.0_432\jre\bin\api-ms-win-crt-math-l1-1-0.dll
0x000001d0b8cd0000 - 0x000001d0b8cd5000 	C:\Users\Arsen Avkhadiev\.jdks\corretto-1.8.0_432\jre\bin\api-ms-win-crt-multibyte-l1-1-0.dll
0x000001d0b8ce0000 - 0x000001d0b8cef000 	C:\Users\Arsen Avkhadiev\.jdks\corretto-1.8.0_432\jre\bin\api-ms-win-crt-private-l1-1-0.dll
0x000001d0b8cf0000 - 0x000001d0b8cf3000 	C:\Users\Arsen Avkhadiev\.jdks\corretto-1.8.0_432\jre\bin\api-ms-win-crt-process-l1-1-0.dll
0x000001d0b8d00000 - 0x000001d0b8d04000 	C:\Users\Arsen Avkhadiev\.jdks\corretto-1.8.0_432\jre\bin\api-ms-win-crt-runtime-l1-1-0.dll
0x000001d0b8d10000 - 0x000001d0b8d14000 	C:\Users\Arsen Avkhadiev\.jdks\corretto-1.8.0_432\jre\bin\api-ms-win-crt-stdio-l1-1-0.dll
0x000001d0b8d20000 - 0x000001d0b8d24000 	C:\Users\Arsen Avkhadiev\.jdks\corretto-1.8.0_432\jre\bin\api-ms-win-crt-string-l1-1-0.dll
0x000001d0b8d30000 - 0x000001d0b8d33000 	C:\Users\Arsen Avkhadiev\.jdks\corretto-1.8.0_432\jre\bin\api-ms-win-crt-time-l1-1-0.dll
0x000001d0b8d40000 - 0x000001d0b8d43000 	C:\Users\Arsen Avkhadiev\.jdks\corretto-1.8.0_432\jre\bin\api-ms-win-crt-utility-l1-1-0.dll
0x00007ffa8e240000 - 0x00007ffa8e332000 	C:\Users\Arsen Avkhadiev\.jdks\corretto-1.8.0_432\jre\bin\ucrtbase.dll
0x00007ffaaed50000 - 0x00007ffaaeda1000 	C:\Users\Arsen Avkhadiev\.jdks\corretto-1.8.0_432\jre\bin\concrt140.dll
0x00007ffab28b0000 - 0x00007ffab28d3000 	C:\Users\Arsen Avkhadiev\.jdks\corretto-1.8.0_432\jre\bin\prism_d3d.dll
0x00007ffab4c50000 - 0x00007ffab4df8000 	C:\Windows\system32\d3d9.dll
0x00007ffac6660000 - 0x00007ffac668b000 	C:\Windows\SYSTEM32\dwmapi.dll
0x00007ffac66d0000 - 0x00007ffac6707000 	C:\Windows\SYSTEM32\dxcore.dll
0x00007ffac63d0000 - 0x00007ffac6481000 	C:\Windows\system32\uxtheme.dll
0x00007ffabe2c0000 - 0x00007ffabe37e000 	C:\Windows\System32\DriverStore\FileRepository\nvlti.inf_amd64_4431f809be2dd54c\nvldumdx.dll
0x00007ffac8c90000 - 0x00007ffac8ca2000 	C:\Windows\SYSTEM32\msasn1.dll
0x00007ffac1a50000 - 0x00007ffac1a82000 	C:\Windows\SYSTEM32\cryptnet.dll
0x00007ffac92a0000 - 0x00007ffac9406000 	C:\Windows\System32\CRYPT32.dll
0x00007ffac0380000 - 0x00007ffac04e2000 	C:\Windows\SYSTEM32\drvstore.dll
0x00007ffac8d20000 - 0x00007ffac8d4c000 	C:\Windows\SYSTEM32\devobj.dll
0x00007ffac8cd0000 - 0x00007ffac8d1e000 	C:\Windows\SYSTEM32\cfgmgr32.dll
0x00007ffac88a0000 - 0x00007ffac88e9000 	C:\Windows\SYSTEM32\wldp.dll
0x00007ffacad90000 - 0x00007ffacae67000 	C:\Windows\System32\OLEAUT32.dll
0x00007ffac87f0000 - 0x00007ffac87fc000 	C:\Windows\SYSTEM32\cryptbase.dll
0x00007ffac9110000 - 0x00007ffac917c000 	C:\Windows\System32\wintrust.dll
0x00007ffaca0b0000 - 0x00007ffaca0cf000 	C:\Windows\System32\imagehlp.dll
0x00007ffac8800000 - 0x00007ffac881b000 	C:\Windows\SYSTEM32\CRYPTSP.dll
0x00007ffac8050000 - 0x00007ffac8085000 	C:\Windows\system32\rsaenh.dll
0x00007ffac9990000 - 0x00007ffac9a0b000 	C:\Windows\System32\bcryptPrimitives.dll
0x00007ffa948d0000 - 0x00007ffa96aed000 	C:\Windows\System32\DriverStore\FileRepository\nvlti.inf_amd64_4431f809be2dd54c\nvgpucomp64.dll
0x00007ffa43d60000 - 0x00007ffa4610f000 	C:\Windows\System32\DriverStore\FileRepository\nvlti.inf_amd64_4431f809be2dd54c\nvd3dumx.dll
0x00007ffac21b0000 - 0x00007ffac21f9000 	C:\Windows\SYSTEM32\directxdatabasehelper.dll
0x00007ffaa1720000 - 0x00007ffaa1765000 	C:\Users\Arsen Avkhadiev\.jdks\corretto-1.8.0_432\jre\bin\glass.dll
0x00007ffac9bc0000 - 0x00007ffac9cbf000 	C:\Windows\System32\COMDLG32.dll
0x00007ffac9e40000 - 0x00007ffac9fe5000 	C:\Windows\System32\ole32.dll
0x00007ffaca8d0000 - 0x00007ffacaa30000 	C:\Windows\System32\MSCTF.dll
0x00007ffa463e0000 - 0x00007ffa466b0000 	C:\Windows\system32\nvspcap64.dll
0x00007ffac8200000 - 0x00007ffac8234000 	C:\Windows\SYSTEM32\ntmarta.dll
0x00007ffac8610000 - 0x00007ffac8636000 	C:\Windows\SYSTEM32\gpapi.dll
0x00007ffabece0000 - 0x00007ffabecf4000 	C:\Users\Arsen Avkhadiev\.jdks\corretto-1.8.0_432\jre\bin\javafx_font.dll
0x00007ffac2b00000 - 0x00007ffac2d73000 	C:\Windows\SYSTEM32\dwrite.dll
0x00007ffac9a10000 - 0x00007ffac9ac0000 	C:\Windows\System32\clbcatq.dll
0x00007ffac61e0000 - 0x00007ffac6390000 	C:\Windows\SYSTEM32\WindowsCodecs.dll
0x00007ffab19b0000 - 0x00007ffab1a0e000 	C:\Windows\system32\dataexchange.dll
0x00007ffabedf0000 - 0x00007ffabf094000 	C:\Windows\system32\twinapi.appcore.dll
0x00007ffaaedb0000 - 0x00007ffaaede2000 	C:\Program Files\Common Files\Microsoft Shared\Ink\rtscom.dll
0x00007ffabc330000 - 0x00007ffabc475000 	C:\Windows\SYSTEM32\textinputframework.dll
0x00007ffac3eb0000 - 0x00007ffac3fe3000 	C:\Windows\SYSTEM32\CoreMessaging.dll
0x00007ffac1570000 - 0x00007ffac18dd000 	C:\Windows\SYSTEM32\CoreUIComponents.dll
0x00007ffab2100000 - 0x00007ffab2112000 	C:\Users\Arsen Avkhadiev\.jdks\corretto-1.8.0_432\jre\bin\prism_common.dll
0x00007ffaa9410000 - 0x00007ffaa9438000 	C:\Windows\SYSTEM32\edputil.dll
0x00007ffabb8e0000 - 0x00007ffabb8f7000 	C:\Windows\SYSTEM32\wtdccm.dll
0x00007ffab4f70000 - 0x00007ffab4f83000 	C:\Users\Arsen Avkhadiev\.jdks\corretto-1.8.0_432\jre\bin\nio.dll
0x00007ffabf6f0000 - 0x00007ffabf922000 	C:\Windows\SYSTEM32\dbghelp.dll

VM Arguments:
jvm_args: -javaagent:C:\Program Files\JetBrains\IntelliJ IDEA 2024.3\lib\idea_rt.jar=57889:C:\Program Files\JetBrains\IntelliJ IDEA 2024.3\bin -Dfile.encoding=UTF-8 
java_command: BattleJoker
java_class_path (initial): C:\Users\Arsen Avkhadiev\.jdks\corretto-1.8.0_432\jre\lib\charsets.jar;C:\Users\Arsen Avkhadiev\.jdks\corretto-1.8.0_432\jre\lib\ext\access-bridge-64.jar;C:\Users\Arsen Avkhadiev\.jdks\corretto-1.8.0_432\jre\lib\ext\cldrdata.jar;C:\Users\Arsen Avkhadiev\.jdks\corretto-1.8.0_432\jre\lib\ext\dnsns.jar;C:\Users\Arsen Avkhadiev\.jdks\corretto-1.8.0_432\jre\lib\ext\jaccess.jar;C:\Users\Arsen Avkhadiev\.jdks\corretto-1.8.0_432\jre\lib\ext\jfxrt.jar;C:\Users\Arsen Avkhadiev\.jdks\corretto-1.8.0_432\jre\lib\ext\localedata.jar;C:\Users\Arsen Avkhadiev\.jdks\corretto-1.8.0_432\jre\lib\ext\nashorn.jar;C:\Users\Arsen Avkhadiev\.jdks\corretto-1.8.0_432\jre\lib\ext\sunec.jar;C:\Users\Arsen Avkhadiev\.jdks\corretto-1.8.0_432\jre\lib\ext\sunjce_provider.jar;C:\Users\Arsen Avkhadiev\.jdks\corretto-1.8.0_432\jre\lib\ext\sunmscapi.jar;C:\Users\Arsen Avkhadiev\.jdks\corretto-1.8.0_432\jre\lib\ext\sunpkcs11.jar;C:\Users\Arsen Avkhadiev\.jdks\corretto-1.8.0_432\jre\lib\ext\zipfs.jar;C:\Users\Arsen Avkhadiev\.jdks\corretto-1.8.0_432\jre\lib\jce.jar;C:\Users\Arsen Avkhadiev\.jdks\corretto-1.8.0_432\jre\lib\jfr.jar;C:\Users\Arsen Avkhadiev\.jdks\corretto-1.8.0_432\jre\lib\jfxswt.jar;C:\Users\Arsen Avkhadiev\.jdks\corretto-1.8.0_432\jre\lib\jsse.jar;C:\Users\Arsen Avkhadiev\.jdks\corretto-1.8.0_432\jre\lib\management-agent.jar;C:\Users\Arsen Avkhadiev\.jdks\corretto-1.8.0_432\jre\lib\resources.jar;C:\Users\Arsen Avkhadiev\.jdks\corretto-1.8.0_432\jre\lib\rt.jar;C:\Users\Arsen Avkhadiev\IdeaProjects\battlejoker\out\production\BattleJoker;C:\Users\Arsen Avkhadiev\IdeaProjects\battlejoker\lib\slf4j-api-1.7.36.jar;C:\Users\Arsen Avkhadiev\IdeaProjects\battlejoker\lib\sqlite-jdbc-3.45.2.0.jar;C:\Program Files\JetBrains\IntelliJ IDEA 2024.3\lib\idea_rt.jar
Launcher Type: SUN_STANDARD

Environment Variables:
PATH=C:\Program Files (x86)\Common Files\Oracle\Java\java8path;C:\Program Files (x86)\Common Files\Oracle\Java\javapath;C:\Windows\system32;C:\Windows;C:\Windows\System32\Wbem;C:\Windows\System32\WindowsPowerShell\v1.0\;C:\Windows\System32\OpenSSH\;C:\Program Files\NVIDIA Corporation\NVIDIA NvDLISR;C:\Program Files (x86)\NVIDIA Corporation\PhysX\Common;C:\Program Files\Git\cmd;C:\Users\Arsen Avkhadiev\AppData\Local\Microsoft\WindowsApps;
USERNAME=Arsen Avkhadiev
OS=Windows_NT
PROCESSOR_IDENTIFIER=AMD64 Family 25 Model 116 Stepping 1, AuthenticAMD



---------------  S Y S T E M  ---------------

OS: Windows 11 , 64 bit Build 22621 (10.0.22621.4391)

CPU:total 16 (initial active 16) (16 cores per cpu, 1 threads per core) family 25 model 116 stepping 1, cmov, cx8, fxsr, mmx, sse, sse2, sse3, ssse3, sse4.1, sse4.2, popcnt, avx, avx2, aes, clmul, erms, mmxext, 3dnowpref, lzcnt, sse4a, tsc, tscinvbit, tscinv, bmi1

Memory: 4k page, physical 15930228k(6527736k free), swap 26940276k(11107944k free)

vm_info: OpenJDK 64-Bit Server VM (25.432-b06) for windows-amd64 JRE (1.8.0_432-b06), built on Oct  9 2024 03:59:20 by "Administrator" with MS VC++ 15.9 (VS2017)

time: Sun Nov 24 20:29:55 2024
timezone: China Standard Time
elapsed time: 14.701794 seconds (0d 0h 0m 14s)

