#
# A fatal error has been detected by the Java Runtime Environment:
#
#  EXCEPTION_ACCESS_VIOLATION (0xc0000005) at pc=0x00007ffab2086ae0, pid=5008, tid=0x0000000000004578
#
# JRE version: OpenJDK Runtime Environment (8.0_432-b06) (build 1.8.0_432-b06)
# Java VM: OpenJDK 64-Bit Server VM (25.432-b06 mixed mode windows-amd64 compressed oops)
# Problematic frame:
# C  [glass.dll+0x26ae0]
#
# Failed to write core dump. Minidumps are not enabled by default on client versions of Windows
#
# If you would like to submit a bug report, please visit:
#   https://github.com/corretto/corretto-8/issues/
#

---------------  T H R E A D  ---------------

Current thread (0x0000016d42ca4800):  VMThread [stack: 0x0000001981900000,0x0000001981a00000] [id=17784]

siginfo: ExceptionCode=0xc0000005, reading address 0x0000000000000000

Registers:
RAX=0x0000000000000000, RBX=0x0000016d461f6338, RCX=0x0000016d42ca4800, RDX=0x0000000061789228
RSP=0x00000019819ff320, RBP=0x0000016d46178af8, RSI=0x00000019819ff438, RDI=0x0000016d46178ad0
R8 =0x0000000000010002, R9 =0x0000016d46178ad0, R10=0x85f13e9656da4870, R11=0x00000019819ff2c0
R12=0x00007ffab2083f34, R13=0x0000016d287768f0, R14=0x0000b02d028fff7c, R15=0x0000016d46178ad0
RIP=0x00007ffab2086ae0, EFLAGS=0x0000000000010206

Top of Stack: (sp=0x00000019819ff320)
0x00000019819ff320:   0000000000000000 00007ffac919364b
0x00000019819ff330:   0000016d46178ae0 00000019819ff438
0x00000019819ff340:   fffffffffffffffe 00007ffab2083f34
0x00000019819ff350:   0000016d46178ad8 00007ffac91d3a93
0x00000019819ff360:   0000016d46178ae0 0000001900000000
0x00000019819ff370:   0000016d46178af8 00000019819ff438
0x00000019819ff380:   fffffffffffffffe 0000000000000000
0x00000019819ff390:   0000000000000001 00007ffab2060000
0x00000019819ff3a0:   00000019819ff428 00007ffac91a042e
0x00000019819ff3b0:   0000000000000000 00000019819ff438
0x00000019819ff3c0:   00000019819ff710 0000000000000001
0x00000019819ff3d0:   0000000000000000 00007ffac919dddd
0x00000019819ff3e0:   0000000000000000 00007ffab2083609
0x00000019819ff3f0:   0000000000000000 00000019819ff428
0x00000019819ff400:   fffffffffffffffe 00007ffacbd16b27
0x00000019819ff410:   0000000000000000 00007ffab2083dc2 

Instructions: (pc=0x00007ffab2086ae0)
0x00007ffab2086ac0:   40 53 48 83 ec 30 48 c7 44 24 20 fe ff ff ff 48
0x00007ffab2086ad0:   8b 1d 4a 60 01 00 48 85 db 74 16 e8 e0 85 ff ff
0x00007ffab2086ae0:   4c 8b 00 48 8b d3 48 8b c8 41 ff 90 b0 00 00 00
0x00007ffab2086af0:   90 48 83 c4 30 5b c3 cc cc cc cc cc cc cc cc cc 


Register to memory mapping:

RAX=0x0000000000000000 is an unknown value
RBX=0x0000016d461f6338 is a global jni handle
RCX=0x0000016d42ca4800 is an unknown value
RDX=0x0000000061789228 is an unknown value
RSP=0x00000019819ff320 is an unknown value
RBP=0x0000016d46178af8 is an unknown value
RSI=0x00000019819ff438 is an unknown value
RDI=0x0000016d46178ad0 is an unknown value
R8 =0x0000000000010002 is an unknown value
R9 =0x0000016d46178ad0 is an unknown value
R10=0x85f13e9656da4870 is an unknown value
R11=0x00000019819ff2c0 is an unknown value
R12=0x00007ffab2083f34 is an unknown value
R13=0x0000016d287768f0 is an unknown value
R14=0x0000b02d028fff7c is an unknown value
R15=0x0000016d46178ad0 is an unknown value


Stack: [0x0000001981900000,0x0000001981a00000],  sp=0x00000019819ff320,  free space=1020k
Native frames: (J=compiled Java code, j=interpreted, Vv=VM code, C=native code)
C  [glass.dll+0x26ae0]
C  [ucrtbase.dll+0x53a93]
C  [ucrtbase.dll+0x2042e]
C  [ucrtbase.dll+0x1dddd]
C  [glass.dll+0x23dc2]
C  [glass.dll+0x23ee8]
C  [ntdll.dll+0x28b8f]
C  [ntdll.dll+0x51596]
C  [ntdll.dll+0x5118d]
C  [KERNEL32.DLL+0x17fcb]
C  [ucrtbase.dll+0x1bed8]
C  [ucrtbase.dll+0x1c099]
V  [jvm.dll+0x1e9795]
V  [jvm.dll+0x225026]
V  [jvm.dll+0x2255c4]
V  [jvm.dll+0x223b84]
V  [jvm.dll+0x22435f]
V  [jvm.dll+0x224664]
V  [jvm.dll+0x26e586]
C  [ucrtbase.dll+0x29333]
C  [KERNEL32.DLL+0x1259d]
C  [ntdll.dll+0x5af38]

VM_Operation (0x00000019830fb190): Exit, mode: safepoint, requested by thread 0x0000016d46134800


---------------  P R O C E S S  ---------------

Java Threads: ( => current thread )
  0x0000016d4dc5d800 JavaThread "Thread-4" [_thread_in_native, id=16572, stack(0x00000019839d0000,0x0000001983ad0000)]
  0x0000016d4db94800 JavaThread "Prism Font Disposer" daemon [_thread_blocked, id=5532, stack(0x00000019837c0000,0x00000019838c0000)]
  0x0000016d4668f800 JavaThread "Thread-3" daemon [_thread_in_native, id=19052, stack(0x00000019832c0000,0x00000019833c0000)]
  0x0000016d4667a800 JavaThread "JavaFX-Launcher" [_thread_blocked, id=4240, stack(0x00000019833c0000,0x00000019834c0000)]
  0x0000016d46134800 JavaThread "JavaFX Application Thread" [_thread_blocked, id=10380, stack(0x0000001983000000,0x0000001983100000)]
  0x0000016d461f4000 JavaThread "Thread-1" daemon [_thread_blocked, id=6644, stack(0x0000001982f00000,0x0000001983000000)]
  0x0000016d460c8800 JavaThread "QuantumRenderer-0" daemon [_thread_blocked, id=10880, stack(0x0000001982d00000,0x0000001982e00000)]
  0x0000016d45bc9000 JavaThread "Service Thread" daemon [_thread_blocked, id=6824, stack(0x0000001982b00000,0x0000001982c00000)]
  0x0000016d45b1f800 JavaThread "C1 CompilerThread11" daemon [_thread_blocked, id=2588, stack(0x0000001982a00000,0x0000001982b00000)]
  0x0000016d45b22800 JavaThread "C1 CompilerThread10" daemon [_thread_blocked, id=12684, stack(0x0000001982900000,0x0000001982a00000)]
  0x0000016d45b22000 JavaThread "C1 CompilerThread9" daemon [_thread_blocked, id=4084, stack(0x0000001982800000,0x0000001982900000)]
  0x0000016d45b24800 JavaThread "C1 CompilerThread8" daemon [_thread_blocked, id=8012, stack(0x0000001982700000,0x0000001982800000)]
  0x0000016d45b26800 JavaThread "C2 CompilerThread7" daemon [_thread_blocked, id=9724, stack(0x0000001982600000,0x0000001982700000)]
  0x0000016d45b16800 JavaThread "C2 CompilerThread6" daemon [_thread_blocked, id=7428, stack(0x0000001982500000,0x0000001982600000)]
  0x0000016d45acc800 JavaThread "C2 CompilerThread5" daemon [_thread_blocked, id=8520, stack(0x0000001982400000,0x0000001982500000)]
  0x0000016d45aca000 JavaThread "C2 CompilerThread4" daemon [_thread_blocked, id=16656, stack(0x0000001982300000,0x0000001982400000)]
  0x0000016d45ab9000 JavaThread "C2 CompilerThread3" daemon [_thread_blocked, id=7856, stack(0x0000001982200000,0x0000001982300000)]
  0x0000016d45aaf000 JavaThread "C2 CompilerThread2" daemon [_thread_blocked, id=13924, stack(0x0000001982100000,0x0000001982200000)]
  0x0000016d45aad000 JavaThread "C2 CompilerThread1" daemon [_thread_blocked, id=20052, stack(0x0000001982000000,0x0000001982100000)]
  0x0000016d45aa7000 JavaThread "C2 CompilerThread0" daemon [_thread_blocked, id=13840, stack(0x0000001981f00000,0x0000001982000000)]
  0x0000016d45aa5800 JavaThread "Monitor Ctrl-Break" daemon [_thread_in_native, id=5544, stack(0x0000001981e00000,0x0000001981f00000)]
  0x0000016d459ec000 JavaThread "Attach Listener" daemon [_thread_blocked, id=13092, stack(0x0000001981d00000,0x0000001981e00000)]
  0x0000016d459e7000 JavaThread "Signal Dispatcher" daemon [_thread_blocked, id=6372, stack(0x0000001981c00000,0x0000001981d00000)]
  0x0000016d459d0800 JavaThread "Finalizer" daemon [_thread_blocked, id=17056, stack(0x0000001981b00000,0x0000001981c00000)]
  0x0000016d42caf800 JavaThread "Reference Handler" daemon [_thread_blocked, id=14492, stack(0x0000001981a00000,0x0000001981b00000)]
  0x0000016d286bd800 JavaThread "main" [_thread_blocked, id=17708, stack(0x0000001980b00000,0x0000001980c00000)]

Other Threads:
=>0x0000016d42ca4800 VMThread [stack: 0x0000001981900000,0x0000001981a00000] [id=17784]

VM state:at safepoint (shutting down)

VM Mutex/Monitor currently owned by a thread:  ([mutex/lock_event])
[0x0000016d286b91c0] Threads_lock - owner thread: 0x0000016d42ca4800

heap address: 0x00000006cce00000, size: 3890 MB, Compressed Oops mode: Zero based, Oop shift amount: 3
Narrow klass base: 0x0000000000000000, Narrow klass shift: 3
Compressed class space size: 1073741824 Address: 0x00000007c0000000

Heap:
 PSYoungGen      total 72704K, used 26899K [0x000000076ef80000, 0x0000000774080000, 0x00000007c0000000)
  eden space 62464K, 26% used [0x000000076ef80000,0x000000076ffca250,0x0000000772c80000)
  from space 10240K, 99% used [0x0000000772c80000,0x000000077367aac0,0x0000000773680000)
  to   space 10240K, 0% used [0x0000000773680000,0x0000000773680000,0x0000000774080000)
 ParOldGen       total 166912K, used 6712K [0x00000006cce00000, 0x00000006d7100000, 0x000000076ef80000)
  object space 166912K, 4% used [0x00000006cce00000,0x00000006cd48e3d0,0x00000006d7100000)
 Metaspace       used 19071K, capacity 20190K, committed 20480K, reserved 1067008K
  class space    used 2735K, capacity 2956K, committed 3072K, reserved 1048576K

Card table byte_map: [0x0000016d39390000,0x0000016d39b30000] byte_map_base: 0x0000016d35d29000

Marking Bits: (ParMarkBitMap*) 0x00000000619748d0
 Begin Bits: [0x0000016d3a050000, 0x0000016d3dd18000)
 End Bits:   [0x0000016d3dd18000, 0x0000016d419e0000)

Polling page: 0x0000016d28670000

CodeCache: size=245760Kb used=9355Kb max_used=9355Kb free=236404Kb
 bounds [0x0000016d29fd0000, 0x0000016d2a900000, 0x0000016d38fd0000]
 total_blobs=3173 nmethods=2484 adapters=599
 compilation: enabled

Compilation events (10 events):
Event: 32.050 Thread 0x0000016d45b24800 2479       3       com.sun.javafx.geom.transform.GeneralTransform3D::get (29 bytes)
Event: 32.050 Thread 0x0000016d45b22800 2480       3       com.sun.javafx.geom.transform.GeneralTransform3D::set (21 bytes)
Event: 32.051 Thread 0x0000016d45b24800 nmethod 2479 0x0000016d2a8f3c10 code [0x0000016d2a8f3d80, 0x0000016d2a8f4090]
Event: 32.051 Thread 0x0000016d45b22800 nmethod 2480 0x0000016d2a8f4190 code [0x0000016d2a8f4300, 0x0000016d2a8f4540]
Event: 32.246 Thread 0x0000016d45b22000 2483       3       com.sun.javafx.event.CompositeEventHandler::dispatchCapturingEvent (40 bytes)
Event: 32.247 Thread 0x0000016d45b1f800 2484       3       com.sun.javafx.event.CompositeEventHandler::dispatchBubblingEvent (57 bytes)
Event: 32.247 Thread 0x0000016d45b24800 2482       3       java.util.concurrent.CopyOnWriteArrayList::isEmpty (13 bytes)
Event: 32.247 Thread 0x0000016d45b22000 nmethod 2483 0x0000016d2a8f4a90 code [0x0000016d2a8f4c20, 0x0000016d2a8f5050]
Event: 32.247 Thread 0x0000016d45b24800 nmethod 2482 0x0000016d2a8f51d0 code [0x0000016d2a8f5340, 0x0000016d2a8f55f8]
Event: 32.248 Thread 0x0000016d45b1f800 nmethod 2484 0x0000016d2a8f56d0 code [0x0000016d2a8f5880, 0x0000016d2a8f5dc0]

GC Heap History (2 events):
Event: 23.658 GC heap before
{Heap before GC invocations=1 (full 0):
 PSYoungGen      total 72704K, used 62464K [0x000000076ef80000, 0x0000000774080000, 0x00000007c0000000)
  eden space 62464K, 100% used [0x000000076ef80000,0x0000000772c80000,0x0000000772c80000)
  from space 10240K, 0% used [0x0000000773680000,0x0000000773680000,0x0000000774080000)
  to   space 10240K, 0% used [0x0000000772c80000,0x0000000772c80000,0x0000000773680000)
 ParOldGen       total 166912K, used 0K [0x00000006cce00000, 0x00000006d7100000, 0x000000076ef80000)
  object space 166912K, 0% used [0x00000006cce00000,0x00000006cce00000,0x00000006d7100000)
 Metaspace       used 17786K, capacity 18720K, committed 18944K, reserved 1064960K
  class space    used 2572K, capacity 2730K, committed 2816K, reserved 1048576K
Event: 23.673 GC heap after
Heap after GC invocations=1 (full 0):
 PSYoungGen      total 72704K, used 10218K [0x000000076ef80000, 0x0000000774080000, 0x00000007c0000000)
  eden space 62464K, 0% used [0x000000076ef80000,0x000000076ef80000,0x0000000772c80000)
  from space 10240K, 99% used [0x0000000772c80000,0x000000077367aac0,0x0000000773680000)
  to   space 10240K, 0% used [0x0000000773680000,0x0000000773680000,0x0000000774080000)
 ParOldGen       total 166912K, used 6712K [0x00000006cce00000, 0x00000006d7100000, 0x000000076ef80000)
  object space 166912K, 4% used [0x00000006cce00000,0x00000006cd48e3d0,0x00000006d7100000)
 Metaspace       used 17786K, capacity 18720K, committed 18944K, reserved 1064960K
  class space    used 2572K, capacity 2730K, committed 2816K, reserved 1048576K
}

Deoptimization events (10 events):
Event: 23.770 Thread 0x0000016d4dc5d800 Uncommon trap: reason=unstable_if action=reinterpret pc=0x0000016d2a7489fc method=java.lang.ThreadLocal.get()Ljava/lang/Object; @ 11
Event: 23.833 Thread 0x0000016d46134800 Uncommon trap: reason=unstable_if action=reinterpret pc=0x0000016d2a79b744 method=com.sun.javafx.css.ParsedValueImpl.containsFontRelativeSize(Ljavafx/css/ParsedValue;Z)Z @ 56
Event: 23.868 Thread 0x0000016d46134800 Uncommon trap: reason=class_check action=maybe_recompile pc=0x0000016d2a5c4424 method=java.util.HashMap.putVal(ILjava/lang/Object;Ljava/lang/Object;ZZ)Ljava/lang/Object; @ 203
Event: 23.868 Thread 0x0000016d46134800 Uncommon trap: reason=class_check action=maybe_recompile pc=0x0000016d2a5c4424 method=java.util.HashMap.putVal(ILjava/lang/Object;Ljava/lang/Object;ZZ)Ljava/lang/Object; @ 203
Event: 23.868 Thread 0x0000016d46134800 Uncommon trap: reason=class_check action=maybe_recompile pc=0x0000016d2a5c4424 method=java.util.HashMap.putVal(ILjava/lang/Object;Ljava/lang/Object;ZZ)Ljava/lang/Object; @ 203
Event: 23.938 Thread 0x0000016d46134800 Uncommon trap: reason=array_check action=maybe_recompile pc=0x0000016d2a803500 method=com.sun.javafx.css.SimpleSelector.applies(Ljavafx/css/Styleable;[Ljava/util/Set;I)Z @ 37
Event: 23.938 Thread 0x0000016d46134800 Uncommon trap: reason=array_check action=maybe_recompile pc=0x0000016d2a803500 method=com.sun.javafx.css.SimpleSelector.applies(Ljavafx/css/Styleable;[Ljava/util/Set;I)Z @ 37
Event: 23.938 Thread 0x0000016d46134800 Uncommon trap: reason=array_check action=maybe_recompile pc=0x0000016d2a803500 method=com.sun.javafx.css.SimpleSelector.applies(Ljavafx/css/Styleable;[Ljava/util/Set;I)Z @ 37
Event: 23.938 Thread 0x0000016d46134800 Uncommon trap: reason=array_check action=maybe_recompile pc=0x0000016d2a7e6d50 method=com.sun.javafx.css.SimpleSelector.applies(Ljavafx/css/Styleable;[Ljava/util/Set;I)Z @ 37
Event: 23.938 Thread 0x0000016d46134800 Uncommon trap: reason=array_check action=maybe_recompile pc=0x0000016d2a803500 method=com.sun.javafx.css.SimpleSelector.applies(Ljavafx/css/Styleable;[Ljava/util/Set;I)Z @ 37

Classes redefined (0 events):
No events

Internal exceptions (10 events):
Event: 0.209 Thread 0x0000016d286bd800 Exception <a 'java/security/PrivilegedActionException'> (0x000000076f7e30d8) thrown at [C:\wsjdk\Corretto8Src\installers\windows\zip\corretto-build\buildRoot\hotspot\src\share\vm\prims\jvm.cpp, line 1514]
Event: 0.209 Thread 0x0000016d286bd800 Exception <a 'java/security/PrivilegedActionException'> (0x000000076f7e32e8) thrown at [C:\wsjdk\Corretto8Src\installers\windows\zip\corretto-build\buildRoot\hotspot\src\share\vm\prims\jvm.cpp, line 1514]
Event: 0.209 Thread 0x0000016d286bd800 Exception <a 'java/lang/NullPointerException'> (0x000000076f7e3cf8) thrown at [C:\wsjdk\Corretto8Src\installers\windows\zip\corretto-build\buildRoot\hotspot\src\share\vm\interpreter\linkResolver.cpp, line 1185]
Event: 0.229 Thread 0x0000016d286bd800 Implicit null exception at 0x0000016d2a307dd5 to 0x0000016d2a307eb5
Event: 0.646 Thread 0x0000016d46134800 Exception <a 'java/lang/NullPointerException'> (0x0000000770acdba0) thrown at [C:\wsjdk\Corretto8Src\installers\windows\zip\corretto-build\buildRoot\hotspot\src\share\vm\interpreter\linkResolver.cpp, line 1185]
Event: 0.646 Thread 0x0000016d46134800 Exception <a 'java/lang/NullPointerException'> (0x0000000770acdba0) thrown at [C:\wsjdk\Corretto8Src\installers\windows\zip\corretto-build\buildRoot\hotspot\src\share\vm\prims\jvm.cpp, line 1518]
Event: 0.824 Thread 0x0000016d46134800 Implicit null exception at 0x0000016d2a462635 to 0x0000016d2a46282d
Event: 22.863 Thread 0x0000016d46134800 Implicit null exception at 0x0000016d2a6da5fb to 0x0000016d2a6dac05
Event: 23.770 Thread 0x0000016d4dc5d800 Implicit null exception at 0x0000016d2a74891c to 0x0000016d2a7489e9
Event: 32.269 Thread 0x0000016d461c4000 Exception <a 'java/lang/IllegalStateException'> (0x000000076ff9cb18) thrown at [C:\wsjdk\Corretto8Src\installers\windows\zip\corretto-build\buildRoot\hotspot\src\share\vm\prims\jvm.cpp, line 1518]

Events (10 events):
Event: 32.267 loading class java/util/IdentityHashMap$KeyIterator done
Event: 32.267 Thread 0x0000016d461c4000 Thread added: 0x0000016d461c4000
Event: 32.268 loading class com/sun/javafx/tk/quantum/QuantumRenderer
Event: 32.268 loading class com/sun/javafx/tk/quantum/QuantumRenderer done
Event: 32.269 loading class com/sun/javafx/tk/quantum/QuantumToolkit
Event: 32.269 loading class com/sun/javafx/tk/quantum/QuantumToolkit done
Event: 32.269 loading class com/sun/prism/ResourceFactoryListener
Event: 32.269 loading class com/sun/prism/ResourceFactoryListener done
Event: 32.269 Thread 0x0000016d461c4000 Thread exited: 0x0000016d461c4000
Event: 32.269 Executing VM operation: Exit


Dynamic libraries:
0x00007ff6818e0000 - 0x00007ff681926000 	C:\Users\Arsen Avkhadiev\.jdks\corretto-1.8.0_432\bin\java.exe
0x00007ffacbcf0000 - 0x00007ffacbf07000 	C:\Windows\SYSTEM32\ntdll.dll
0x00007ffacac60000 - 0x00007ffacad24000 	C:\Windows\System32\KERNEL32.DLL
0x00007ffac94d0000 - 0x00007ffac9889000 	C:\Windows\System32\KERNELBASE.dll
0x00007ffac9ff0000 - 0x00007ffaca0a2000 	C:\Windows\System32\ADVAPI32.dll
0x00007ffaca670000 - 0x00007ffaca717000 	C:\Windows\System32\msvcrt.dll
0x00007ffacaaa0000 - 0x00007ffacab47000 	C:\Windows\System32\sechost.dll
0x00007ffac9930000 - 0x00007ffac9958000 	C:\Windows\System32\bcrypt.dll
0x00007ffaca0d0000 - 0x00007ffaca1e4000 	C:\Windows\System32\RPCRT4.dll
0x00007ffaca720000 - 0x00007ffaca8ce000 	C:\Windows\System32\USER32.dll
0x00007ffac9960000 - 0x00007ffac9986000 	C:\Windows\System32\win32u.dll
0x00007ffac9e10000 - 0x00007ffac9e39000 	C:\Windows\System32\GDI32.dll
0x00007ffac8ff0000 - 0x00007ffac910b000 	C:\Windows\System32\gdi32full.dll
0x00007ffac9890000 - 0x00007ffac992a000 	C:\Windows\System32\msvcp_win.dll
0x00007ffac9180000 - 0x00007ffac9291000 	C:\Windows\System32\ucrtbase.dll
0x00007ffab6fc0000 - 0x00007ffab7252000 	C:\Windows\WinSxS\amd64_microsoft.windows.common-controls_6595b64144ccf1df_6.0.22621.4391_none_2715d37f73803e96\COMCTL32.dll
0x00007ffacad30000 - 0x00007ffacad61000 	C:\Windows\System32\IMM32.DLL
0x00007ffabece0000 - 0x00007ffabecf5000 	C:\Users\Arsen Avkhadiev\.jdks\corretto-1.8.0_432\jre\bin\vcruntime140.dll
0x00007ffa9a1c0000 - 0x00007ffa9a25b000 	C:\Users\Arsen Avkhadiev\.jdks\corretto-1.8.0_432\jre\bin\msvcp140.dll
0x0000000061190000 - 0x00000000619ed000 	C:\Users\Arsen Avkhadiev\.jdks\corretto-1.8.0_432\jre\bin\server\jvm.dll
0x00007ffacaa30000 - 0x00007ffacaa38000 	C:\Windows\System32\PSAPI.DLL
0x00007ffac4820000 - 0x00007ffac4854000 	C:\Windows\SYSTEM32\WINMM.dll
0x00007ffac1a90000 - 0x00007ffac1a9a000 	C:\Windows\SYSTEM32\VERSION.dll
0x00007ffac5dc0000 - 0x00007ffac5dc9000 	C:\Windows\SYSTEM32\WSOCK32.dll
0x00007ffac9d40000 - 0x00007ffac9db1000 	C:\Windows\System32\WS2_32.dll
0x00007ffac80f0000 - 0x00007ffac8108000 	C:\Windows\SYSTEM32\kernel.appcore.dll
0x00007ffac4b10000 - 0x00007ffac4b20000 	C:\Users\Arsen Avkhadiev\.jdks\corretto-1.8.0_432\jre\bin\verify.dll
0x00007ffabb330000 - 0x00007ffabb35b000 	C:\Users\Arsen Avkhadiev\.jdks\corretto-1.8.0_432\jre\bin\java.dll
0x00007ffabb010000 - 0x00007ffabb042000 	C:\Users\Arsen Avkhadiev\.jdks\corretto-1.8.0_432\jre\bin\instrument.dll
0x00007ffab69d0000 - 0x00007ffab69e8000 	C:\Users\Arsen Avkhadiev\.jdks\corretto-1.8.0_432\jre\bin\zip.dll
0x00007ffacae70000 - 0x00007ffacb6e6000 	C:\Windows\System32\SHELL32.dll
0x00007ffac6ef0000 - 0x00007ffac77f3000 	C:\Windows\SYSTEM32\windows.storage.dll
0x00007ffacb750000 - 0x00007ffacbadf000 	C:\Windows\System32\combase.dll
0x00007ffac6db0000 - 0x00007ffac6eef000 	C:\Windows\SYSTEM32\wintypes.dll
0x00007ffac9ac0000 - 0x00007ffac9bb9000 	C:\Windows\System32\SHCORE.dll
0x00007ffacaa40000 - 0x00007ffacaa9e000 	C:\Windows\System32\shlwapi.dll
0x00007ffac8f20000 - 0x00007ffac8f4b000 	C:\Windows\SYSTEM32\profapi.dll
0x00007ffab4fe0000 - 0x00007ffab4ffa000 	C:\Program Files\JetBrains\IntelliJ IDEA 2024.3\bin\breakgen64.dll
0x00007ffab4b90000 - 0x00007ffab4bac000 	C:\Users\Arsen Avkhadiev\.jdks\corretto-1.8.0_432\jre\bin\net.dll
0x00007ffac8580000 - 0x00007ffac85e9000 	C:\Windows\system32\mswsock.dll
0x0000016d466d0000 - 0x0000016d466d3000 	C:\Users\Arsen Avkhadiev\.jdks\corretto-1.8.0_432\jre\bin\api-ms-win-core-console-l1-1-0.dll
0x0000016d466e0000 - 0x0000016d466e3000 	C:\Users\Arsen Avkhadiev\.jdks\corretto-1.8.0_432\jre\bin\api-ms-win-core-datetime-l1-1-0.dll
0x0000016d466f0000 - 0x0000016d466f3000 	C:\Users\Arsen Avkhadiev\.jdks\corretto-1.8.0_432\jre\bin\api-ms-win-core-debug-l1-1-0.dll
0x0000016d46700000 - 0x0000016d46703000 	C:\Users\Arsen Avkhadiev\.jdks\corretto-1.8.0_432\jre\bin\api-ms-win-core-errorhandling-l1-1-0.dll
0x0000016d46710000 - 0x0000016d46714000 	C:\Users\Arsen Avkhadiev\.jdks\corretto-1.8.0_432\jre\bin\api-ms-win-core-file-l1-1-0.dll
0x0000016d46720000 - 0x0000016d46723000 	C:\Users\Arsen Avkhadiev\.jdks\corretto-1.8.0_432\jre\bin\api-ms-win-core-file-l1-2-0.dll
0x0000016d46730000 - 0x0000016d46733000 	C:\Users\Arsen Avkhadiev\.jdks\corretto-1.8.0_432\jre\bin\api-ms-win-core-file-l2-1-0.dll
0x0000016d46740000 - 0x0000016d46743000 	C:\Users\Arsen Avkhadiev\.jdks\corretto-1.8.0_432\jre\bin\api-ms-win-core-handle-l1-1-0.dll
0x0000016d46750000 - 0x0000016d46753000 	C:\Users\Arsen Avkhadiev\.jdks\corretto-1.8.0_432\jre\bin\api-ms-win-core-heap-l1-1-0.dll
0x0000016d46760000 - 0x0000016d46763000 	C:\Users\Arsen Avkhadiev\.jdks\corretto-1.8.0_432\jre\bin\api-ms-win-core-interlocked-l1-1-0.dll
0x0000016d46770000 - 0x0000016d46773000 	C:\Users\Arsen Avkhadiev\.jdks\corretto-1.8.0_432\jre\bin\api-ms-win-core-libraryloader-l1-1-0.dll
0x0000016d46780000 - 0x0000016d46783000 	C:\Users\Arsen Avkhadiev\.jdks\corretto-1.8.0_432\jre\bin\api-ms-win-core-localization-l1-2-0.dll
0x0000016d46790000 - 0x0000016d46793000 	C:\Users\Arsen Avkhadiev\.jdks\corretto-1.8.0_432\jre\bin\api-ms-win-core-memory-l1-1-0.dll
0x0000016d467a0000 - 0x0000016d467a3000 	C:\Users\Arsen Avkhadiev\.jdks\corretto-1.8.0_432\jre\bin\api-ms-win-core-namedpipe-l1-1-0.dll
0x0000016d467b0000 - 0x0000016d467b3000 	C:\Users\Arsen Avkhadiev\.jdks\corretto-1.8.0_432\jre\bin\api-ms-win-core-processenvironment-l1-1-0.dll
0x0000016d467c0000 - 0x0000016d467c3000 	C:\Users\Arsen Avkhadiev\.jdks\corretto-1.8.0_432\jre\bin\api-ms-win-core-processthreads-l1-1-0.dll
0x0000016d467d0000 - 0x0000016d467d3000 	C:\Users\Arsen Avkhadiev\.jdks\corretto-1.8.0_432\jre\bin\api-ms-win-core-processthreads-l1-1-1.dll
0x0000016d467e0000 - 0x0000016d467e3000 	C:\Users\Arsen Avkhadiev\.jdks\corretto-1.8.0_432\jre\bin\api-ms-win-core-profile-l1-1-0.dll
0x0000016d467f0000 - 0x0000016d467f3000 	C:\Users\Arsen Avkhadiev\.jdks\corretto-1.8.0_432\jre\bin\api-ms-win-core-rtlsupport-l1-1-0.dll
0x0000016d46800000 - 0x0000016d46803000 	C:\Users\Arsen Avkhadiev\.jdks\corretto-1.8.0_432\jre\bin\api-ms-win-core-string-l1-1-0.dll
0x0000016d46810000 - 0x0000016d46813000 	C:\Users\Arsen Avkhadiev\.jdks\corretto-1.8.0_432\jre\bin\api-ms-win-core-synch-l1-1-0.dll
0x0000016d46820000 - 0x0000016d46823000 	C:\Users\Arsen Avkhadiev\.jdks\corretto-1.8.0_432\jre\bin\api-ms-win-core-synch-l1-2-0.dll
0x0000016d46830000 - 0x0000016d46833000 	C:\Users\Arsen Avkhadiev\.jdks\corretto-1.8.0_432\jre\bin\api-ms-win-core-sysinfo-l1-1-0.dll
0x0000016d46840000 - 0x0000016d46843000 	C:\Users\Arsen Avkhadiev\.jdks\corretto-1.8.0_432\jre\bin\api-ms-win-core-timezone-l1-1-0.dll
0x0000016d46850000 - 0x0000016d46853000 	C:\Users\Arsen Avkhadiev\.jdks\corretto-1.8.0_432\jre\bin\api-ms-win-core-util-l1-1-0.dll
0x0000016d46860000 - 0x0000016d46863000 	C:\Users\Arsen Avkhadiev\.jdks\corretto-1.8.0_432\jre\bin\api-ms-win-crt-conio-l1-1-0.dll
0x0000016d46870000 - 0x0000016d46874000 	C:\Users\Arsen Avkhadiev\.jdks\corretto-1.8.0_432\jre\bin\api-ms-win-crt-convert-l1-1-0.dll
0x0000016d46880000 - 0x0000016d46883000 	C:\Users\Arsen Avkhadiev\.jdks\corretto-1.8.0_432\jre\bin\api-ms-win-crt-environment-l1-1-0.dll
0x0000016d46890000 - 0x0000016d46893000 	C:\Users\Arsen Avkhadiev\.jdks\corretto-1.8.0_432\jre\bin\api-ms-win-crt-filesystem-l1-1-0.dll
0x0000016d468a0000 - 0x0000016d468a3000 	C:\Users\Arsen Avkhadiev\.jdks\corretto-1.8.0_432\jre\bin\api-ms-win-crt-heap-l1-1-0.dll
0x0000016d468b0000 - 0x0000016d468b3000 	C:\Users\Arsen Avkhadiev\.jdks\corretto-1.8.0_432\jre\bin\api-ms-win-crt-locale-l1-1-0.dll
0x0000016d468c0000 - 0x0000016d468c5000 	C:\Users\Arsen Avkhadiev\.jdks\corretto-1.8.0_432\jre\bin\api-ms-win-crt-math-l1-1-0.dll
0x0000016d468d0000 - 0x0000016d468d5000 	C:\Users\Arsen Avkhadiev\.jdks\corretto-1.8.0_432\jre\bin\api-ms-win-crt-multibyte-l1-1-0.dll
0x0000016d468e0000 - 0x0000016d468ef000 	C:\Users\Arsen Avkhadiev\.jdks\corretto-1.8.0_432\jre\bin\api-ms-win-crt-private-l1-1-0.dll
0x0000016d468f0000 - 0x0000016d468f3000 	C:\Users\Arsen Avkhadiev\.jdks\corretto-1.8.0_432\jre\bin\api-ms-win-crt-process-l1-1-0.dll
0x0000016d46900000 - 0x0000016d46904000 	C:\Users\Arsen Avkhadiev\.jdks\corretto-1.8.0_432\jre\bin\api-ms-win-crt-runtime-l1-1-0.dll
0x0000016d46910000 - 0x0000016d46914000 	C:\Users\Arsen Avkhadiev\.jdks\corretto-1.8.0_432\jre\bin\api-ms-win-crt-stdio-l1-1-0.dll
0x0000016d46920000 - 0x0000016d46924000 	C:\Users\Arsen Avkhadiev\.jdks\corretto-1.8.0_432\jre\bin\api-ms-win-crt-string-l1-1-0.dll
0x0000016d46930000 - 0x0000016d46933000 	C:\Users\Arsen Avkhadiev\.jdks\corretto-1.8.0_432\jre\bin\api-ms-win-crt-time-l1-1-0.dll
0x0000016d46940000 - 0x0000016d46943000 	C:\Users\Arsen Avkhadiev\.jdks\corretto-1.8.0_432\jre\bin\api-ms-win-crt-utility-l1-1-0.dll
0x00007ffa916c0000 - 0x00007ffa917b2000 	C:\Users\Arsen Avkhadiev\.jdks\corretto-1.8.0_432\jre\bin\ucrtbase.dll
0x00007ffab2100000 - 0x00007ffab2151000 	C:\Users\Arsen Avkhadiev\.jdks\corretto-1.8.0_432\jre\bin\concrt140.dll
0x00007ffab28b0000 - 0x00007ffab28d3000 	C:\Users\Arsen Avkhadiev\.jdks\corretto-1.8.0_432\jre\bin\prism_d3d.dll
0x00007ffab4c50000 - 0x00007ffab4df8000 	C:\Windows\system32\d3d9.dll
0x00007ffac6660000 - 0x00007ffac668b000 	C:\Windows\SYSTEM32\dwmapi.dll
0x00007ffac66d0000 - 0x00007ffac6707000 	C:\Windows\SYSTEM32\dxcore.dll
0x00007ffac63d0000 - 0x00007ffac6481000 	C:\Windows\system32\uxtheme.dll
0x00007ffabe2c0000 - 0x00007ffabe37e000 	C:\Windows\System32\DriverStore\FileRepository\nvlti.inf_amd64_4431f809be2dd54c\nvldumdx.dll
0x00007ffac8c90000 - 0x00007ffac8ca2000 	C:\Windows\SYSTEM32\msasn1.dll
0x00007ffac1a50000 - 0x00007ffac1a82000 	C:\Windows\SYSTEM32\cryptnet.dll
0x00007ffac92a0000 - 0x00007ffac9406000 	C:\Windows\System32\CRYPT32.dll
0x00007ffac0380000 - 0x00007ffac04e2000 	C:\Windows\SYSTEM32\drvstore.dll
0x00007ffac8d20000 - 0x00007ffac8d4c000 	C:\Windows\SYSTEM32\devobj.dll
0x00007ffac8cd0000 - 0x00007ffac8d1e000 	C:\Windows\SYSTEM32\cfgmgr32.dll
0x00007ffac88a0000 - 0x00007ffac88e9000 	C:\Windows\SYSTEM32\wldp.dll
0x00007ffacad90000 - 0x00007ffacae67000 	C:\Windows\System32\OLEAUT32.dll
0x00007ffac87f0000 - 0x00007ffac87fc000 	C:\Windows\SYSTEM32\cryptbase.dll
0x00007ffac9110000 - 0x00007ffac917c000 	C:\Windows\System32\wintrust.dll
0x00007ffaca0b0000 - 0x00007ffaca0cf000 	C:\Windows\System32\imagehlp.dll
0x00007ffac8800000 - 0x00007ffac881b000 	C:\Windows\SYSTEM32\CRYPTSP.dll
0x00007ffac8050000 - 0x00007ffac8085000 	C:\Windows\system32\rsaenh.dll
0x00007ffac9990000 - 0x00007ffac9a0b000 	C:\Windows\System32\bcryptPrimitives.dll
0x00007ffa948d0000 - 0x00007ffa96aed000 	C:\Windows\System32\DriverStore\FileRepository\nvlti.inf_amd64_4431f809be2dd54c\nvgpucomp64.dll
0x00007ffa361d0000 - 0x00007ffa3857f000 	C:\Windows\System32\DriverStore\FileRepository\nvlti.inf_amd64_4431f809be2dd54c\nvd3dumx.dll
0x00007ffac21b0000 - 0x00007ffac21f9000 	C:\Windows\SYSTEM32\directxdatabasehelper.dll
0x00007ffab2060000 - 0x00007ffab20a5000 	C:\Users\Arsen Avkhadiev\.jdks\corretto-1.8.0_432\jre\bin\glass.dll
0x00007ffac9bc0000 - 0x00007ffac9cbf000 	C:\Windows\System32\COMDLG32.dll
0x00007ffac9e40000 - 0x00007ffac9fe5000 	C:\Windows\System32\ole32.dll
0x00007ffaca8d0000 - 0x00007ffacaa30000 	C:\Windows\System32\MSCTF.dll
0x00007ffa463e0000 - 0x00007ffa466b0000 	C:\Windows\system32\nvspcap64.dll
0x00007ffac8200000 - 0x00007ffac8234000 	C:\Windows\SYSTEM32\ntmarta.dll
0x00007ffac8610000 - 0x00007ffac8636000 	C:\Windows\SYSTEM32\gpapi.dll
0x00007ffac48e0000 - 0x00007ffac48f4000 	C:\Users\Arsen Avkhadiev\.jdks\corretto-1.8.0_432\jre\bin\javafx_font.dll
0x00007ffac2b00000 - 0x00007ffac2d73000 	C:\Windows\SYSTEM32\dwrite.dll
0x00007ffac9a10000 - 0x00007ffac9ac0000 	C:\Windows\System32\clbcatq.dll
0x00007ffac61e0000 - 0x00007ffac6390000 	C:\Windows\SYSTEM32\WindowsCodecs.dll
0x00007ffab19b0000 - 0x00007ffab1a0e000 	C:\Windows\system32\dataexchange.dll
0x00007ffabedf0000 - 0x00007ffabf094000 	C:\Windows\system32\twinapi.appcore.dll
0x00007ffab2820000 - 0x00007ffab2852000 	C:\Program Files\Common Files\Microsoft Shared\Ink\rtscom.dll
0x00007ffabc330000 - 0x00007ffabc475000 	C:\Windows\SYSTEM32\textinputframework.dll
0x00007ffac3eb0000 - 0x00007ffac3fe3000 	C:\Windows\SYSTEM32\CoreMessaging.dll
0x00007ffac1570000 - 0x00007ffac18dd000 	C:\Windows\SYSTEM32\CoreUIComponents.dll
0x00007ffab2040000 - 0x00007ffab2052000 	C:\Users\Arsen Avkhadiev\.jdks\corretto-1.8.0_432\jre\bin\prism_common.dll
0x00007ffaa9410000 - 0x00007ffaa9438000 	C:\Windows\SYSTEM32\edputil.dll
0x00007ffabb8e0000 - 0x00007ffabb8f7000 	C:\Windows\SYSTEM32\wtdccm.dll
0x00007ffab3740000 - 0x00007ffab3753000 	C:\Users\Arsen Avkhadiev\.jdks\corretto-1.8.0_432\jre\bin\nio.dll
0x00007ffabf6f0000 - 0x00007ffabf922000 	C:\Windows\SYSTEM32\dbghelp.dll

VM Arguments:
jvm_args: -javaagent:C:\Program Files\JetBrains\IntelliJ IDEA 2024.3\lib\idea_rt.jar=52659:C:\Program Files\JetBrains\IntelliJ IDEA 2024.3\bin -Dfile.encoding=UTF-8 
java_command: BattleJoker
java_class_path (initial): C:\Users\Arsen Avkhadiev\.jdks\corretto-1.8.0_432\jre\lib\charsets.jar;C:\Users\Arsen Avkhadiev\.jdks\corretto-1.8.0_432\jre\lib\ext\access-bridge-64.jar;C:\Users\Arsen Avkhadiev\.jdks\corretto-1.8.0_432\jre\lib\ext\cldrdata.jar;C:\Users\Arsen Avkhadiev\.jdks\corretto-1.8.0_432\jre\lib\ext\dnsns.jar;C:\Users\Arsen Avkhadiev\.jdks\corretto-1.8.0_432\jre\lib\ext\jaccess.jar;C:\Users\Arsen Avkhadiev\.jdks\corretto-1.8.0_432\jre\lib\ext\jfxrt.jar;C:\Users\Arsen Avkhadiev\.jdks\corretto-1.8.0_432\jre\lib\ext\localedata.jar;C:\Users\Arsen Avkhadiev\.jdks\corretto-1.8.0_432\jre\lib\ext\nashorn.jar;C:\Users\Arsen Avkhadiev\.jdks\corretto-1.8.0_432\jre\lib\ext\sunec.jar;C:\Users\Arsen Avkhadiev\.jdks\corretto-1.8.0_432\jre\lib\ext\sunjce_provider.jar;C:\Users\Arsen Avkhadiev\.jdks\corretto-1.8.0_432\jre\lib\ext\sunmscapi.jar;C:\Users\Arsen Avkhadiev\.jdks\corretto-1.8.0_432\jre\lib\ext\sunpkcs11.jar;C:\Users\Arsen Avkhadiev\.jdks\corretto-1.8.0_432\jre\lib\ext\zipfs.jar;C:\Users\Arsen Avkhadiev\.jdks\corretto-1.8.0_432\jre\lib\jce.jar;C:\Users\Arsen Avkhadiev\.jdks\corretto-1.8.0_432\jre\lib\jfr.jar;C:\Users\Arsen Avkhadiev\.jdks\corretto-1.8.0_432\jre\lib\jfxswt.jar;C:\Users\Arsen Avkhadiev\.jdks\corretto-1.8.0_432\jre\lib\jsse.jar;C:\Users\Arsen Avkhadiev\.jdks\corretto-1.8.0_432\jre\lib\management-agent.jar;C:\Users\Arsen Avkhadiev\.jdks\corretto-1.8.0_432\jre\lib\resources.jar;C:\Users\Arsen Avkhadiev\.jdks\corretto-1.8.0_432\jre\lib\rt.jar;C:\Users\Arsen Avkhadiev\IdeaProjects\battlejoker\out\production\BattleJoker;C:\Users\Arsen Avkhadiev\IdeaProjects\battlejoker\lib\slf4j-api-1.7.36.jar;C:\Users\Arsen Avkhadiev\IdeaProjects\battlejoker\lib\sqlite-jdbc-3.45.2.0.jar;C:\Program Files\JetBrains\IntelliJ IDEA 2024.3\lib\idea_rt.jar
Launcher Type: SUN_STANDARD

Environment Variables:
PATH=C:\Program Files (x86)\Common Files\Oracle\Java\java8path;C:\Program Files (x86)\Common Files\Oracle\Java\javapath;C:\Windows\system32;C:\Windows;C:\Windows\System32\Wbem;C:\Windows\System32\WindowsPowerShell\v1.0\;C:\Windows\System32\OpenSSH\;C:\Program Files\NVIDIA Corporation\NVIDIA NvDLISR;C:\Program Files (x86)\NVIDIA Corporation\PhysX\Common;C:\Program Files\Git\cmd;C:\Users\Arsen Avkhadiev\AppData\Local\Microsoft\WindowsApps;
USERNAME=Arsen Avkhadiev
OS=Windows_NT
PROCESSOR_IDENTIFIER=AMD64 Family 25 Model 116 Stepping 1, AuthenticAMD



---------------  S Y S T E M  ---------------

OS: Windows 11 , 64 bit Build 22621 (10.0.22621.4391)

CPU:total 16 (initial active 16) (16 cores per cpu, 1 threads per core) family 25 model 116 stepping 1, cmov, cx8, fxsr, mmx, sse, sse2, sse3, ssse3, sse4.1, sse4.2, popcnt, avx, avx2, aes, clmul, erms, mmxext, 3dnowpref, lzcnt, sse4a, tsc, tscinvbit, tscinv, bmi1

Memory: 4k page, physical 15930228k(6578912k free), swap 26940276k(12587232k free)

vm_info: OpenJDK 64-Bit Server VM (25.432-b06) for windows-amd64 JRE (1.8.0_432-b06), built on Oct  9 2024 03:59:20 by "Administrator" with MS VC++ 15.9 (VS2017)

time: Sun Nov 24 02:10:30 2024
timezone: China Standard Time
elapsed time: 32.686356 seconds (0d 0h 0m 32s)

